<?xml version="1.0" encoding="utf-8"?><testsuites><testsuite errors="0" failures="0" hostname="yangfangdeMac.local" name="pytest" skipped="0" tests="4" time="0.028" timestamp="2020-09-15T19:21:24.883700"><testcase classname="test_calc.TestCalc" file="test_calc.py" line="8" name="test_add" time="0.001"></testcase><testcase classname="test_calc.TestCalc" file="test_calc.py" line="15" name="test_add1" time="0.001"></testcase><testcase classname="test_calc.TestCalc" file="test_calc.py" line="22" name="test_add2" time="0.001"></testcase><testcase classname="test_calc.TestCalc" file="test_calc.py" line="29" name="test_div" time="0.001"></testcase></testsuite></testsuites>